[debug] [2020-07-02T12:02:36.379Z] ----------------------------------------------------------------------
[debug] [2020-07-02T12:02:36.381Z] Command:       /usr/local/bin/node /usr/local/bin/firebase deploy
[debug] [2020-07-02T12:02:36.381Z] CLI Version:   8.4.3
[debug] [2020-07-02T12:02:36.381Z] Platform:      linux
[debug] [2020-07-02T12:02:36.381Z] Node Version:  v12.14.0
[debug] [2020-07-02T12:02:36.382Z] Time:          Thu Jul 02 2020 17:32:36 GMT+0530 (India Standard Time)
[debug] [2020-07-02T12:02:36.382Z] ----------------------------------------------------------------------
[debug] [2020-07-02T12:02:36.382Z] 
[debug] [2020-07-02T12:02:36.386Z] > command requires scopes: ["email","openid","https://www.googleapis.com/auth/cloudplatformprojects.readonly","https://www.googleapis.com/auth/firebase","https://www.googleapis.com/auth/cloud-platform"]
[debug] [2020-07-02T12:02:36.387Z] > authorizing via signed-in user
[debug] [2020-07-02T12:02:36.387Z] [iam] checking project fall-d65e1 for permissions ["firebase.projects.get","firebasehosting.sites.update"]
[debug] [2020-07-02T12:02:36.389Z] >>> HTTP REQUEST POST https://cloudresourcemanager.googleapis.com/v1/projects/fall-d65e1:testIamPermissions  
 {"permissions":["firebase.projects.get","firebasehosting.sites.update"]}
[debug] [2020-07-02T12:02:38.358Z] <<< HTTP RESPONSE 200 {"content-type":"application/json; charset=UTF-8","vary":"X-Origin, Referer, Origin,Accept-Encoding","date":"Thu, 02 Jul 2020 12:02:38 GMT","server":"ESF","cache-control":"private","x-xss-protection":"0","x-frame-options":"SAMEORIGIN","x-content-type-options":"nosniff","server-timing":"gfet4t7; dur=1144","alt-svc":"h3-29=\":443\"; ma=2592000,h3-27=\":443\"; ma=2592000,h3-25=\":443\"; ma=2592000,h3-T050=\":443\"; ma=2592000,h3-Q050=\":443\"; ma=2592000,h3-Q046=\":443\"; ma=2592000,h3-Q043=\":443\"; ma=2592000,quic=\":443\"; ma=2592000; v=\"46,43\"","accept-ranges":"none","transfer-encoding":"chunked"}
[debug] [2020-07-02T12:02:38.360Z] >>> HTTP REQUEST GET https://firebase.googleapis.com/v1beta1/projects/fall-d65e1  
 
[debug] [2020-07-02T12:02:39.252Z] <<< HTTP RESPONSE 200 {"content-type":"application/json; charset=UTF-8","vary":"X-Origin, Referer, Origin,Accept-Encoding","date":"Thu, 02 Jul 2020 12:02:38 GMT","server":"ESF","cache-control":"private","x-xss-protection":"0","x-frame-options":"SAMEORIGIN","x-content-type-options":"nosniff","alt-svc":"h3-27=\":443\"; ma=2592000,h3-25=\":443\"; ma=2592000,h3-T050=\":443\"; ma=2592000,h3-Q050=\":443\"; ma=2592000,h3-Q046=\":443\"; ma=2592000,h3-Q043=\":443\"; ma=2592000,quic=\":443\"; ma=2592000; v=\"46,43\"","accept-ranges":"none","transfer-encoding":"chunked"}
[info] 
[info] === Deploying to 'fall-d65e1'...
[info] 
[info] i  deploying hosting 
[debug] [2020-07-02T12:02:39.259Z] >>> HTTP REQUEST POST https://firebasehosting.googleapis.com/v1beta1/sites/fall-d65e1/versions  
 {"config":{},"labels":{"deployment-tool":"cli-firebase"}}
[debug] [2020-07-02T12:02:41.480Z] <<< HTTP RESPONSE 200 {"content-type":"application/json; charset=UTF-8","vary":"X-Origin, Referer, Origin,Accept-Encoding","date":"Thu, 02 Jul 2020 12:02:41 GMT","server":"ESF","cache-control":"private","x-xss-protection":"0","x-frame-options":"SAMEORIGIN","x-content-type-options":"nosniff","alt-svc":"h3-27=\":443\"; ma=2592000,h3-25=\":443\"; ma=2592000,h3-T050=\":443\"; ma=2592000,h3-Q050=\":443\"; ma=2592000,h3-Q046=\":443\"; ma=2592000,h3-Q043=\":443\"; ma=2592000,quic=\":443\"; ma=2592000; v=\"46,43\"","accept-ranges":"none","transfer-encoding":"chunked"}
[info] i  hosting[fall-d65e1]: beginning deploy... 
[info] i  hosting[fall-d65e1]: found 25 files in build 
[debug] [2020-07-02T12:02:41.713Z] [hosting] hash cache [YnVpbGQ] stored for 25 files
[debug] [2020-07-02T12:02:41.713Z] [hosting][hash queue][FINAL] {"max":216,"min":12,"avg":27.68,"active":0,"complete":25,"success":25,"errored":0,"retried":0,"total":25,"elapsed":222}
[debug] [2020-07-02T12:02:41.714Z] >>> HTTP REQUEST POST https://firebasehosting.googleapis.com/v1beta1/sites/fall-d65e1/versions/5be2bf4ddb3e0975:populateFiles  
 <request body omitted>
[debug] [2020-07-02T12:02:43.757Z] <<< HTTP RESPONSE 200 {"content-type":"application/json; charset=UTF-8","vary":"X-Origin, Referer, Origin,Accept-Encoding","date":"Thu, 02 Jul 2020 12:02:43 GMT","server":"ESF","cache-control":"private","x-xss-protection":"0","x-frame-options":"SAMEORIGIN","x-content-type-options":"nosniff","alt-svc":"h3-27=\":443\"; ma=2592000,h3-25=\":443\"; ma=2592000,h3-T050=\":443\"; ma=2592000,h3-Q050=\":443\"; ma=2592000,h3-Q046=\":443\"; ma=2592000,h3-Q043=\":443\"; ma=2592000,quic=\":443\"; ma=2592000; v=\"46,43\"","accept-ranges":"none","transfer-encoding":"chunked"}
[debug] [2020-07-02T12:02:43.763Z] [hosting][populate queue][FINAL] {"max":2047,"min":2047,"avg":2047,"active":0,"complete":1,"success":1,"errored":0,"retried":0,"total":1,"elapsed":2051}
[debug] [2020-07-02T12:02:43.763Z] [hosting] uploads queued: 6
[debug] [2020-07-02T12:03:14.169Z] [uploadQueue] Retrying task 8f4e16dc6115d4f3f5e37c58bb205875495991116e2a14851c83191ca12ed85b
[debug] [2020-07-02T12:03:14.173Z] [uploadQueue] Retrying task 4a040be88550bca823f57ebb95e3007f8fbb682f1075f493aa3e85fcf03440e7
[debug] [2020-07-02T12:03:14.175Z] [uploadQueue] Retrying task 2e303af5e435ff919d60c2538dbe99bde855449a75917f4f8e580949af5680fa
[debug] [2020-07-02T12:03:14.175Z] [uploadQueue] Retrying task 0af027bd520c8c113453f762489e8eb65ae72e79c5db058f705bed2926919ebf
[debug] [2020-07-02T12:03:14.176Z] [uploadQueue] Retrying task 19b152695bb09e85e7802c9f76e4c83ded3373b145cd5108a93804f06d900f6d
[debug] [2020-07-02T12:03:14.177Z] [uploadQueue] Retrying task 78f5cc7c26224281a8c3ad03d6481573b77386698180707c43067c243075b299
[debug] [2020-07-02T12:03:44.980Z] [uploadQueue] Retrying task 8f4e16dc6115d4f3f5e37c58bb205875495991116e2a14851c83191ca12ed85b
[debug] [2020-07-02T12:03:44.985Z] [uploadQueue] Retrying task 4a040be88550bca823f57ebb95e3007f8fbb682f1075f493aa3e85fcf03440e7
[debug] [2020-07-02T12:03:44.986Z] [uploadQueue] Retrying task 2e303af5e435ff919d60c2538dbe99bde855449a75917f4f8e580949af5680fa
[debug] [2020-07-02T12:03:44.986Z] [uploadQueue] Retrying task 0af027bd520c8c113453f762489e8eb65ae72e79c5db058f705bed2926919ebf
[debug] [2020-07-02T12:03:44.987Z] [uploadQueue] Retrying task 19b152695bb09e85e7802c9f76e4c83ded3373b145cd5108a93804f06d900f6d
[debug] [2020-07-02T12:03:44.988Z] [uploadQueue] Retrying task 78f5cc7c26224281a8c3ad03d6481573b77386698180707c43067c243075b299
[debug] [2020-07-02T12:04:03.563Z] ----------------------------------------------------------------------
[debug] [2020-07-02T12:04:03.564Z] Command:       /usr/local/bin/node /usr/local/bin/firebase deploy
[debug] [2020-07-02T12:04:03.565Z] CLI Version:   8.4.3
[debug] [2020-07-02T12:04:03.565Z] Platform:      linux
[debug] [2020-07-02T12:04:03.565Z] Node Version:  v12.14.0
[debug] [2020-07-02T12:04:03.565Z] Time:          Thu Jul 02 2020 17:34:03 GMT+0530 (India Standard Time)
[debug] [2020-07-02T12:04:03.565Z] ----------------------------------------------------------------------
[debug] [2020-07-02T12:04:03.565Z] 
[debug] [2020-07-02T12:04:03.570Z] > command requires scopes: ["email","openid","https://www.googleapis.com/auth/cloudplatformprojects.readonly","https://www.googleapis.com/auth/firebase","https://www.googleapis.com/auth/cloud-platform"]
[debug] [2020-07-02T12:04:03.570Z] > authorizing via signed-in user
[debug] [2020-07-02T12:04:03.570Z] [iam] checking project fall-d65e1 for permissions ["firebase.projects.get","firebasehosting.sites.update"]
[debug] [2020-07-02T12:04:03.573Z] >>> HTTP REQUEST POST https://cloudresourcemanager.googleapis.com/v1/projects/fall-d65e1:testIamPermissions  
 {"permissions":["firebase.projects.get","firebasehosting.sites.update"]}
[debug] [2020-07-02T12:04:05.056Z] <<< HTTP RESPONSE 200 {"content-type":"application/json; charset=UTF-8","vary":"X-Origin, Referer, Origin,Accept-Encoding","date":"Thu, 02 Jul 2020 12:04:04 GMT","server":"ESF","cache-control":"private","x-xss-protection":"0","x-frame-options":"SAMEORIGIN","x-content-type-options":"nosniff","server-timing":"gfet4t7; dur=1145","alt-svc":"h3-29=\":443\"; ma=2592000,h3-27=\":443\"; ma=2592000,h3-25=\":443\"; ma=2592000,h3-T050=\":443\"; ma=2592000,h3-Q050=\":443\"; ma=2592000,h3-Q046=\":443\"; ma=2592000,h3-Q043=\":443\"; ma=2592000,quic=\":443\"; ma=2592000; v=\"46,43\"","accept-ranges":"none","transfer-encoding":"chunked"}
[debug] [2020-07-02T12:04:05.062Z] >>> HTTP REQUEST GET https://firebase.googleapis.com/v1beta1/projects/fall-d65e1  
 
[debug] [2020-07-02T12:04:05.958Z] <<< HTTP RESPONSE 200 {"content-type":"application/json; charset=UTF-8","vary":"X-Origin, Referer, Origin,Accept-Encoding","date":"Thu, 02 Jul 2020 12:04:05 GMT","server":"ESF","cache-control":"private","x-xss-protection":"0","x-frame-options":"SAMEORIGIN","x-content-type-options":"nosniff","alt-svc":"h3-27=\":443\"; ma=2592000,h3-25=\":443\"; ma=2592000,h3-T050=\":443\"; ma=2592000,h3-Q050=\":443\"; ma=2592000,h3-Q046=\":443\"; ma=2592000,h3-Q043=\":443\"; ma=2592000,quic=\":443\"; ma=2592000; v=\"46,43\"","accept-ranges":"none","transfer-encoding":"chunked"}
[info] 
[info] === Deploying to 'fall-d65e1'...
[info] 
[info] i  deploying hosting 
[debug] [2020-07-02T12:04:05.968Z] >>> HTTP REQUEST POST https://firebasehosting.googleapis.com/v1beta1/sites/fall-d65e1/versions  
 {"config":{},"labels":{"deployment-tool":"cli-firebase"}}
[debug] [2020-07-02T12:04:08.195Z] <<< HTTP RESPONSE 200 {"content-type":"application/json; charset=UTF-8","vary":"X-Origin, Referer, Origin,Accept-Encoding","date":"Thu, 02 Jul 2020 12:04:07 GMT","server":"ESF","cache-control":"private","x-xss-protection":"0","x-frame-options":"SAMEORIGIN","x-content-type-options":"nosniff","alt-svc":"h3-27=\":443\"; ma=2592000,h3-25=\":443\"; ma=2592000,h3-T050=\":443\"; ma=2592000,h3-Q050=\":443\"; ma=2592000,h3-Q046=\":443\"; ma=2592000,h3-Q043=\":443\"; ma=2592000,quic=\":443\"; ma=2592000; v=\"46,43\"","accept-ranges":"none","transfer-encoding":"chunked"}
[info] i  hosting[fall-d65e1]: beginning deploy... 
[info] i  hosting[fall-d65e1]: found 25 files in build 
[debug] [2020-07-02T12:04:08.209Z] [hosting] hash cache [YnVpbGQ] stored for 25 files
[debug] [2020-07-02T12:04:08.209Z] [hosting][hash queue][FINAL] {"max":2,"min":1,"avg":1,"active":0,"complete":25,"success":25,"errored":0,"retried":0,"total":25,"elapsed":4}
[debug] [2020-07-02T12:04:08.209Z] >>> HTTP REQUEST POST https://firebasehosting.googleapis.com/v1beta1/sites/fall-d65e1/versions/b11f563a228e6ba3:populateFiles  
 <request body omitted>
[debug] [2020-07-02T12:04:10.909Z] <<< HTTP RESPONSE 200 {"content-type":"application/json; charset=UTF-8","vary":"X-Origin, Referer, Origin,Accept-Encoding","date":"Thu, 02 Jul 2020 12:04:10 GMT","server":"ESF","cache-control":"private","x-xss-protection":"0","x-frame-options":"SAMEORIGIN","x-content-type-options":"nosniff","alt-svc":"h3-27=\":443\"; ma=2592000,h3-25=\":443\"; ma=2592000,h3-T050=\":443\"; ma=2592000,h3-Q050=\":443\"; ma=2592000,h3-Q046=\":443\"; ma=2592000,h3-Q043=\":443\"; ma=2592000,quic=\":443\"; ma=2592000; v=\"46,43\"","accept-ranges":"none","transfer-encoding":"chunked"}
[debug] [2020-07-02T12:04:10.924Z] [hosting][populate queue][FINAL] {"max":2705,"min":2705,"avg":2705,"active":0,"complete":1,"success":1,"errored":0,"retried":0,"total":1,"elapsed":2716}
[debug] [2020-07-02T12:04:10.924Z] [hosting] uploads queued: 6
[debug] [2020-07-02T12:04:41.334Z] [uploadQueue] Retrying task 8f4e16dc6115d4f3f5e37c58bb205875495991116e2a14851c83191ca12ed85b
[debug] [2020-07-02T12:04:41.335Z] [uploadQueue] Retrying task 78f5cc7c26224281a8c3ad03d6481573b77386698180707c43067c243075b299
[debug] [2020-07-02T12:04:41.337Z] [uploadQueue] Retrying task 2e303af5e435ff919d60c2538dbe99bde855449a75917f4f8e580949af5680fa
[debug] [2020-07-02T12:04:41.338Z] [uploadQueue] Retrying task 4a040be88550bca823f57ebb95e3007f8fbb682f1075f493aa3e85fcf03440e7
[debug] [2020-07-02T12:04:41.338Z] [uploadQueue] Retrying task 0af027bd520c8c113453f762489e8eb65ae72e79c5db058f705bed2926919ebf
[debug] [2020-07-02T12:04:41.339Z] [uploadQueue] Retrying task 19b152695bb09e85e7802c9f76e4c83ded3373b145cd5108a93804f06d900f6d
